
Showing logs for build [32mjstrachan-nodey437-master-q56qv-1[0m stage [32mfrom-build-pack[0m and container [32mstep-credential-initializer-drx4z[0m
{"level":"warn","ts":1585577340.83993,"logger":"fallback-logger","caller":"logging/config.go:69","msg":"Fetch GitHub commit ID from kodata failed: \"ref: refs/heads/0.8.0-**-support-backwards-incompats\" is not a valid GitHub commit ID"}
{"level":"info","ts":1585577340.8406518,"logger":"fallback-logger","caller":"creds-init/main.go:40","msg":"Credentials initialized."}

Showing logs for build [32mjstrachan-nodey437-master-q56qv-1[0m stage [32mfrom-build-pack[0m and container [32mstep-working-dir-initializer-99f7x[0m
{"level":"warn","ts":1585577341.3191137,"logger":"fallback-logger","caller":"logging/config.go:69","msg":"Fetch GitHub commit ID from kodata failed: open /var/run/ko/HEAD: no such file or directory"}
{"level":"info","ts":1585577341.3204024,"logger":"fallback-logger","caller":"bash/main.go:64","msg":"Successfully executed command \"sh -c mkdir -p /workspace/source\"; output "}

Showing logs for build [32mjstrachan-nodey437-master-q56qv-1[0m stage [32mfrom-build-pack[0m and container [32mstep-place-tools[0m

Showing logs for build [32mjstrachan-nodey437-master-q56qv-1[0m stage [32mfrom-build-pack[0m and container [32mstep-git-source-jstrachan-nodey437-master-q56qv-gshmw[0m
{"level":"warn","ts":1585577433.4535062,"logger":"fallback-logger","caller":"logging/config.go:69","msg":"Fetch GitHub commit ID from kodata failed: \"ref: refs/heads/0.8.0-**-support-backwards-incompats\" is not a valid GitHub commit ID"}
{"level":"info","ts":1585577434.6325524,"logger":"fallback-logger","caller":"git/git.go:103","msg":"Successfully cloned https://github.com/*********/nodey437.git @ v1.0.1 in path /workspace/source"}

Showing logs for build [32mjstrachan-nodey437-master-q56qv-1[0m stage [32mfrom-build-pack[0m and container [32mstep-git-merge[0m
Using SHAs from PULL_REFS=master:
WARNING: no SHAs to merge, falling back to initial cloned commit

Showing logs for build [32mjstrachan-nodey437-master-q56qv-1[0m stage [32mfrom-build-pack[0m and container [32mstep-setup-jx-git-credentials[0m
Generated Git credentials file /workspace/xdg_config/git/credentials

Showing logs for build [32mjstrachan-nodey437-master-q56qv-1[0m stage [32mfrom-build-pack[0m and container [32mstep-build-npmrc[0m
Command "credential" is deprecated, it will be removed on Jun 1 2020.  This is replaced by Tekton's mounted secrets
WARNING: failed to find Secret npm-token in namespace **

Showing logs for build [32mjstrachan-nodey437-master-q56qv-1[0m stage [32mfrom-build-pack[0m and container [32mstep-build-npm-install[0m
npm notice created a lockfile as package-lock.json. You should commit this file.
npm WARN REPLACE_ME@1.0.1 No repository field.
npm WARN REPLACE_ME@1.0.1 No license field.

up to date in 0.377s
found 0 vulnerabilities


Showing logs for build [32mjstrachan-nodey437-master-q56qv-1[0m stage [32mfrom-build-pack[0m and container [32mstep-build-npm-test[0m

> REPLACE_ME@1.0.1 test /workspace/source
> echo "no test specified" && exit 0

no test specified

Showing logs for build [32mjstrachan-nodey437-master-q56qv-1[0m stage [32mfrom-build-pack[0m and container [32mstep-build-container-build[0m
ERROR: logging before flag.Parse: E0330 14:10:46.515576      12 metadata.go:241] Failed to unmarshal scopes: invalid character 'h' looking for beginning of value
[36mINFO[0m[0002] Downloading base image node:9-slim           
ERROR: logging before flag.Parse: E0330 14:10:46.615320      12 metadata.go:159] while reading 'google-dockercfg-url' metadata: http status code: 404 while fetching url http://metadata.google.internal./computeMetadata/v1/instance/attributes/google-dockercfg-url
ERROR: logging before flag.Parse: E0330 14:10:46.715858      12 metadata.go:142] while reading 'google-dockercfg' metadata: http status code: 404 while fetching url http://metadata.google.internal./computeMetadata/v1/instance/attributes/google-dockercfg
2020/03/30 14:10:46 No matching credentials were found, falling back on anonymous
[36mINFO[0m[0004] Error while retrieving image from cache: getting file info: stat /workspace/sha256:0e0175bbe4f8d9d104590d8d2c591017874e30977cb71aaff1cf6fa99479575c: no such file or directory 
[36mINFO[0m[0004] Downloading base image node:9-slim           
2020/03/30 14:10:47 No matching credentials were found, falling back on anonymous
[36mINFO[0m[0004] Executing 0 build triggers                   
[36mINFO[0m[0004] cmd: EXPOSE                                  
[36mINFO[0m[0004] Adding exposed port: 8080/tcp                
[36mINFO[0m[0004] Using files from context: [/workspace/source] 
[36mINFO[0m[0004] Skipping unpacking as no commands require it. 
[36mINFO[0m[0004] Taking snapshot of full filesystem...        
[36mINFO[0m[0004] ENV PORT 8080                                
[36mINFO[0m[0004] No files changed in this command, skipping snapshotting. 
[36mINFO[0m[0004] EXPOSE 8080                                  
[36mINFO[0m[0004] cmd: EXPOSE                                  
[36mINFO[0m[0004] Adding exposed port: 8080/tcp                
[36mINFO[0m[0004] No files changed in this command, skipping snapshotting. 
[36mINFO[0m[0004] WORKDIR /usr/src/app                         
[36mINFO[0m[0004] cmd: workdir                                 
[36mINFO[0m[0004] Changed working directory to /usr/src/app    
[36mINFO[0m[0004] Creating directory /usr/src/app              
[36mINFO[0m[0004] Taking snapshot of files...                  
[36mINFO[0m[0004] Using files from context: [/workspace/source] 
[36mINFO[0m[0004] COPY . .                                     
[36mINFO[0m[0005] Taking snapshot of files...                  
[36mINFO[0m[0005] CMD ["npm", "start"]                         
[36mINFO[0m[0005] No files changed in this command, skipping snapshotting. 
2020/03/30 14:11:18 existing blob: sha256:a88538b9cd05cfa611e43a25582a95ad7879f6fa708b0386a26b71ee62235bb3
2020/03/30 14:11:18 existing blob: sha256:7d083412657baa2dafba8d093034ef26f9ed2c90fb6ed95f76bb55aff03ed429
2020/03/30 14:11:18 existing blob: sha256:196b8e3c919d5639193ba6c6e54774528942041bbc37606631a2250502985c3c
2020/03/30 14:11:18 existing blob: sha256:5bba3ecb4cd6374a19da45f2a3db0a9c0804984358b3bb4b666c28944016e5ff
2020/03/30 14:11:18 existing blob: sha256:e01bd28a434b56ffd2a3fe9aa99b9b69aecca69904843edd30b1ee7150d79904
2020/03/30 14:11:18 pushed blob: sha256:97d72f46ef3491158550d4627251ac14afe33e60c857a9a63d0dcf33fb9502c0
2020/03/30 14:11:18 pushed blob: sha256:8d6157762bb9742e9e279ed5a5e55cec8b5c16d01f22be8cf1a5b6e82c189438
2020/03/30 14:11:18 pushed blob: sha256:ea3e98b9c3d49e55100799b1fe878b6d885068e123fc2691b7524baa65126672
2020/03/30 14:11:18 10.27.246.139/myproject/nodey437:1.0.1: digest: sha256:61df3532b46a63441dde73fa90845dc8336d35938a992856dc220f4274744045 size: 1404

Showing logs for build [32mjstrachan-nodey437-master-q56qv-1[0m stage [32mfrom-build-pack[0m and container [32mstep-build-post-build[0m
no CVE provider running in the current ** namespace so skip adding image to be analysed

Showing logs for build [32mjstrachan-nodey437-master-q56qv-1[0m stage [32mfrom-build-pack[0m and container [32mstep-promote-changelog[0m
Converted /workspace/source/charts/nodey437 to an unshallow repository
Generating change log from git ref a66471896e49c2408a64bccc35d54b4fa8610533 => 6a45d093b62380ee755882013d1057d28ddd92bd
Associating user x-0 in users.jenkins.io with email jenkins-x@googlegroups.com to git GitProvider user with login -0 as emails match
Adding label jenkins.io/git-github-userid=-0 to user x-0 in users.jenkins.io
WARNING: Failed to enrich commit d24689fec9bc4e14b8239ef4f65e42741f78e6d8 with issues: User.jenkins.io "x-0" is invalid: metadata.labels: Invalid value: "-0": a valid label must be an empty string or consist of alphanumeric characters, '-', '_' or '.', and must start and end with an alphanumeric character (e.g. 'MyValue',  or 'my_value',  or '12345', regex used for validation is '(([A-Za-z0-9][-A-Za-z0-9_.]*)?[A-Za-z0-9])?')
Associating user x-0 in users.jenkins.io with email jenkins-x@googlegroups.com to git GitProvider user with login -0 as emails match
Adding label jenkins.io/git-github-userid=-0 to user x-0 in users.jenkins.io
WARNING: Failed to enrich commit d24689fec9bc4e14b8239ef4f65e42741f78e6d8 with issues: User.jenkins.io "x-0" is invalid: metadata.labels: Invalid value: "-0": a valid label must be an empty string or consist of alphanumeric characters, '-', '_' or '.', and must start and end with an alphanumeric character (e.g. 'MyValue',  or 'my_value',  or '12345', regex used for validation is '(([A-Za-z0-9][-A-Za-z0-9_.]*)?[A-Za-z0-9])?')
Finding issues in commit messages using git format
WARNING: No release found for *********/nodey437 and tag v1.0.1 so creating a new release
Updated the release information at https://github.com/*********/nodey437/releases/tag/v1.0.1
generated: /workspace/source/charts/nodey437/templates/release.yaml
Created Release nodey437-1-0-1 resource in namespace **
Updating PipelineActivity *********-nodey437-master-1 with version 1.0.1
Updated PipelineActivities *********-nodey437-master-1 with release notes URL: https://github.com/*********/nodey437/releases/tag/v1.0.1

Showing logs for build [32mjstrachan-nodey437-master-q56qv-1[0m stage [32mfrom-build-pack[0m and container [32mstep-promote-helm-release[0m
Adding missing Helm repo: storage.googleapis.com https://storage.googleapis.com/chartmuseum.jenkins-x.io
Successfully added Helm repository storage.googleapis.com.
Adding missing Helm repo: bucketrepo http://bucketrepo/bucketrepo/charts/
Successfully added Helm repository bucketrepo.
Uploading chart file nodey437-1.0.1.tgz to http://bucketrepo/bucketrepo/charts/api/charts
Received 200 response: 

Showing logs for build [32mjstrachan-nodey437-master-q56qv-1[0m stage [32mfrom-build-pack[0m and container [32mstep-promote-jx-promote[0m
WARNING: prow based install so skip waiting for the merge of Pull Requests to go green as currently there is an issue with gettingstatuses from the PR, see https://github.com/jenkins-x/**/issues/2410
WARNING: No $CHART_REPOSITORY defined so using the default value of: http://jenkins-x-chartmuseum:8080
Promoting app nodey437 version 1.0.1 to namespace **-staging
WARNING: 
Created Pull Request: https://github.com/*********/environment-plaink8s3-staging/pull/7
Added label updatebot to Pull Request https://github.com/*********/environment-plaink8s3-staging/pull/7
got git provider status pending from PR https://github.com/*********/environment-plaink8s3-staging/pull/7
got git provider status pending from PR https://github.com/*********/environment-plaink8s3-staging/pull/7
got git provider status pending from PR https://github.com/*********/environment-plaink8s3-staging/pull/7
got git provider status pending from PR https://github.com/*********/environment-plaink8s3-staging/pull/7
Pull Request https://github.com/*********/environment-plaink8s3-staging/pull/7 is merged at sha d6bf111ffe0d4ff8183f30952346377c8f791bd4
Pull Request merged but we are not waiting for the update pipeline to complete!
WARNING: Could not find the service URL in namespace **-staging for names nodey437, **-nodey437, **-staging-nodey437
